<?xml version="1.0" encoding="UTF-8"?>
<!-- Generated by org.testng.reporters.JUnitReportReporter -->
<testsuite hostname="Deepak" failures="0" tests="2" name="testcases.TC_1TestSample" time="28.296" errors="0" timestamp="2024-03-14T13:41:03 IST" skipped="0">
  <testcase classname="testcases.TC_1TestSample" name="logintest" time="13.925"/>
  <testcase classname="testcases.TC_1TestSample" name="logintest" time="14.371"/>
</testsuite> <!-- testcases.TC_1TestSample -->
